Build started 2016/4/4 11:39:06.
     1>Project "D:\luxrender\windows\Build_CMake\LuxRender\luxShared.vcxproj" on node 2 (Build target(s)).
     1>Link:
         D:\Microsoft Visual Studio 12.0\VC\bin\amd64\link.exe /ERRORREPORT:PROMPT /OUT:"D:\luxrender\windows\Build_CMake\LuxRender\Release\lux.dll" /INCREMENTAL:NO /NOLOGO /LIBPATH:D:/luxrender/windows_deps/x64/Release/lib /LIBPATH:D:/luxrender/windows_deps/x64/Release/lib/Release kernel32.lib user32.lib gdi32.lib winspool.lib shell32.lib ole32.lib oleaut32.lib uuid.lib comdlg32.lib advapi32.lib D:\luxrender\windows\Build_CMake\LuxRays\lib\release\luxrays.lib D:\luxrender\windows\Build_CMake\LuxRays\lib\release\luxcore.lib D:\luxrender\windows\Build_CMake\LuxRays\lib\release\smallluxgpu.lib D:\luxrender\windows_deps\x64\Release\lib\embree.lib D:\Cuda\lib\x64\OpenCL.lib glu32.lib opengl32.lib D:\luxrender\windows_deps\x64\Release\lib\OpenImageIO.lib D:\luxrender\windows_deps\x64\Release\lib\libtiff.lib D:\luxrender\windows_deps\x64\Release\lib\jpeg.lib "D:\luxrender\windows_deps\x64\Release\lib\libboost_thread-vc120-mt-1_56.lib" "D:\luxrender\windows_deps\x64\Release\lib\libboost_program_options-vc120-mt-1_56.lib" "D:\luxrender\windows_deps\x64\Release\lib\libboost_filesystem-vc120-mt-1_56.lib" "D:\luxrender\windows_deps\x64\Release\lib\libboost_serialization-vc120-mt-1_56.lib" "D:\luxrender\windows_deps\x64\Release\lib\libboost_iostreams-vc120-mt-1_56.lib" "D:\luxrender\windows_deps\x64\Release\lib\libboost_regex-vc120-mt-1_56.lib" "D:\luxrender\windows_deps\x64\Release\lib\libboost_system-vc120-mt-1_56.lib" "D:\luxrender\windows_deps\x64\Release\lib\libboost_zlib-vc120-mt-1_56.lib" D:\luxrender\windows_deps\x64\Release\lib\fftw3.lib shell32.lib /MANIFEST /MANIFESTUAC:"level='asInvoker' uiAccess='false'" /manifest:embed /DEBUG /PDB:"D:/luxrender/windows/Build_CMake/LuxRender/Release/lux.pdb" /SUBSYSTEM:CONSOLE,"5.02" /OPT:REF /OPT:ICF /LTCG /TLBID:1 /DYNAMICBASE /NXCOMPAT /IMPLIB:"D:/luxrender/windows/Build_CMake/LuxRender/Release/lux.lib" /MACHINE:X64  /machine:x64 /DLL luxShared.dir\Release\luxparse.obj
         luxShared.dir\Release\luxlex.obj
         luxShared.dir\Release\api.obj
         luxShared.dir\Release\asyncstream.obj
         luxShared.dir\Release\camera.obj
         luxShared.dir\Release\cameraresponse.obj
         luxShared.dir\Release\context.obj
         luxShared.dir\Release\contribution.obj
         luxShared.dir\Release\partialcontribution.obj
         luxShared.dir\Release\dynload.obj
         luxShared.dir\Release\exrio.obj
         luxShared.dir\Release\filedata.obj
         luxShared.dir\Release\film.obj
         luxShared.dir\Release\igiio.obj
         luxShared.dir\Release\imagereader.obj
         luxShared.dir\Release\light.obj
         luxShared.dir\Release\material.obj
         luxShared.dir\Release\osfunc.obj
         luxShared.dir\Release\paramset.obj
         luxShared.dir\Release\photonmap.obj
         luxShared.dir\Release\pngio.obj
         luxShared.dir\Release\primitive.obj
         luxShared.dir\Release\rendererstatistics.obj
         luxShared.dir\Release\renderfarm.obj
         luxShared.dir\Release\renderinghints.obj
         luxShared.dir\Release\sampling.obj
         luxShared.dir\Release\scene.obj
         luxShared.dir\Release\shape.obj
         luxShared.dir\Release\texture.obj
         luxShared.dir\Release\tgaio.obj
         luxShared.dir\Release\timer.obj
         luxShared.dir\Release\tigerhash.obj
         luxShared.dir\Release\transport.obj
         luxShared.dir\Release\util.obj
         luxShared.dir\Release\volume.obj
         luxShared.dir\Release\scheduler.obj
         luxShared.dir\Release\renderserver.obj
         luxShared.dir\Release\raydifferential.obj
         luxShared.dir\Release\queryable.obj
         luxShared.dir\Release\queryableattribute.obj
         luxShared.dir\Release\queryableregistry.obj
         luxShared.dir\Release\bxdf.obj
         luxShared.dir\Release\fresnel.obj
         luxShared.dir\Release\microfacetdistribution.obj
         luxShared.dir\Release\doublesidebsdf.obj
         luxShared.dir\Release\layeredbsdf.obj
         luxShared.dir\Release\mixbsdf.obj
         luxShared.dir\Release\multibsdf.obj
         luxShared.dir\Release\schlickbsdf.obj
         luxShared.dir\Release\singlebsdf.obj
         luxShared.dir\Release\asperity.obj
         luxShared.dir\Release\brdftobtdf.obj
         luxShared.dir\Release\cooktorrance.obj
         luxShared.dir\Release\fresnelblend.obj
         luxShared.dir\Release\irawan.obj
         luxShared.dir\Release\lafortune.obj
         luxShared.dir\Release\lambertian.obj
         luxShared.dir\Release\microfacet.obj
         luxShared.dir\Release\nulltransmission.obj
         luxShared.dir\Release\orennayar.obj
         luxShared.dir\Release\schlickbrdf.obj
         luxShared.dir\Release\schlickscatter.obj
         luxShared.dir\Release\schlicktranslucentbtdf.obj
         luxShared.dir\Release\specularreflection.obj
         luxShared.dir\Release\speculartransmission.obj
         luxShared.dir\Release\fresnelcauchy.obj
         luxShared.dir\Release\fresnelconductor.obj
         luxShared.dir\Release\fresneldielectric.obj
         luxShared.dir\Release\fresnelgeneral.obj
         luxShared.dir\Release\fresnelnoop.obj
         luxShared.dir\Release\fresnelslick.obj
         luxShared.dir\Release\anisotropic.obj
         luxShared.dir\Release\beckmann.obj
         luxShared.dir\Release\blinn.obj
         luxShared.dir\Release\schlickdistribution.obj
         luxShared.dir\Release\wardisotropic.obj
         luxShared.dir\Release\bruteforce.obj
         luxShared.dir\Release\bvhaccel.obj
         luxShared.dir\Release\qbvhaccel.obj
         luxShared.dir\Release\sqbvhaccel.obj
         luxShared.dir\Release\tabreckdtree.obj
         luxShared.dir\Release\unsafekdtree.obj
         luxShared.dir\Release\environment.obj
         luxShared.dir\Release\perspective.obj
         luxShared.dir\Release\orthographic.obj
         luxShared.dir\Release\realistic.obj
         luxShared.dir\Release\fleximage.obj
         luxShared.dir\Release\box.obj
         luxShared.dir\Release\gaussian.obj
         luxShared.dir\Release\mitchell.obj
         luxShared.dir\Release\sinc.obj
         luxShared.dir\Release\triangle.obj
         luxShared.dir\Release\catmullrom.obj
         luxShared.dir\Release\blackmanharris.obj
         luxShared.dir\Release\bidirectional.obj
         luxShared.dir\Release\directlighting.obj
         luxShared.dir\Release\distributedpath.obj
         luxShared.dir\Release\emission.obj
         luxShared.dir\Release\exphotonmap.obj
         luxShared.dir\Release\igi.obj
         luxShared.dir\Release\multi.obj
         luxShared.dir\Release\path.obj
         luxShared.dir\Release\single.obj
         luxShared.dir\Release\none.obj
         luxShared.dir\Release\sppm.obj
         luxShared.dir\Release\area.obj
         luxShared.dir\Release\distant.obj
         luxShared.dir\Release\infinite.obj
         luxShared.dir\Release\infinitesample.obj
         luxShared.dir\Release\pointlight.obj
         luxShared.dir\Release\projection.obj
         luxShared.dir\Release\photometricdata_ies.obj
         luxShared.dir\Release\sphericalfunction.obj
         luxShared.dir\Release\sphericalfunction_ies.obj
         luxShared.dir\Release\spot.obj
         luxShared.dir\Release\sky.obj
         luxShared.dir\Release\sky2.obj
         luxShared.dir\Release\sun.obj
         luxShared.dir\Release\carpaint.obj
         luxShared.dir\Release\cloth.obj
         luxShared.dir\Release\doubleside.obj
         luxShared.dir\Release\glass.obj
         luxShared.dir\Release\glass2.obj
         luxShared.dir\Release\glossy.obj
         luxShared.dir\Release\glossy2.obj
         luxShared.dir\Release\glossytranslucent.obj
         luxShared.dir\Release\layeredmaterial.obj
         luxShared.dir\Release\matte.obj
         luxShared.dir\Release\mattetranslucent.obj
         luxShared.dir\Release\metal.obj
         luxShared.dir\Release\metal2.obj
         luxShared.dir\Release\mirror.obj
         luxShared.dir\Release\mixmaterial.obj
         luxShared.dir\Release\null.obj
         luxShared.dir\Release\roughglass.obj
         luxShared.dir\Release\scattermaterial.obj
         luxShared.dir\Release\shinymetal.obj
         luxShared.dir\Release\velvet.obj
         luxShared.dir\Release\hilbertpx.obj
         luxShared.dir\Release\linear.obj
         luxShared.dir\Release\lowdiscrepancypx.obj
         luxShared.dir\Release\tilepx.obj
         luxShared.dir\Release\vegas.obj
         luxShared.dir\Release\hybridrenderer.obj
         luxShared.dir\Release\hybridsamplerrenderer.obj
         luxShared.dir\Release\samplerrenderer.obj
         luxShared.dir\Release\luxcorerenderer.obj
         luxShared.dir\Release\sppmrenderer.obj
         luxShared.dir\Release\photonsampler.obj
         luxShared.dir\Release\lookupaccel.obj
         luxShared.dir\Release\hashgrid.obj
         luxShared.dir\Release\parallelhashgrid.obj
         luxShared.dir\Release\hitpoints.obj
         luxShared.dir\Release\hybridhashgrid.obj
         luxShared.dir\Release\kdtree.obj
         luxShared.dir\Release\samplerstatistics.obj
         luxShared.dir\Release\hybridsamplerstatistics.obj
         luxShared.dir\Release\luxcorestatistics.obj
         luxShared.dir\Release\sppmstatistics.obj
         luxShared.dir\Release\erpt.obj
         luxShared.dir\Release\lowdiscrepancy.obj
         luxShared.dir\Release\metrosampler.obj
         luxShared.dir\Release\random.obj
         luxShared.dir\Release\sobol.obj
         luxShared.dir\Release\cone.obj
         luxShared.dir\Release\cylinder.obj
         luxShared.dir\Release\deferred.obj
         luxShared.dir\Release\disk.obj
         luxShared.dir\Release\hairfile.obj
         luxShared.dir\Release\heightfield.obj
         luxShared.dir\Release\hyperboloid.obj
         luxShared.dir\Release\lenscomponent.obj
         luxShared.dir\Release\loopsubdiv.obj
         luxShared.dir\Release\mesh.obj
         luxShared.dir\Release\meshbarytriangle.obj
         luxShared.dir\Release\meshmicrodisplacementtriangle.obj
         luxShared.dir\Release\meshquadrilateral.obj
         luxShared.dir\Release\meshwaldtriangle.obj
         luxShared.dir\Release\mikktspace.obj
         luxShared.dir\Release\weldmesh.obj
         luxShared.dir\Release\nurbs.obj
         luxShared.dir\Release\paraboloid.obj
         luxShared.dir\Release\plymesh.obj
         luxShared.dir\Release\rply.obj
         luxShared.dir\Release\sphere.obj
         luxShared.dir\Release\stlmesh.obj
         luxShared.dir\Release\torus.obj
         luxShared.dir\Release\blackbody.obj
         luxShared.dir\Release\constant.obj
         luxShared.dir\Release\equalenergy.obj
         luxShared.dir\Release\frequencytexture.obj
         luxShared.dir\Release\gaussiantexture.obj
         luxShared.dir\Release\hitpointcolor.obj
         luxShared.dir\Release\irregulardata.obj
         luxShared.dir\Release\lampspectrum.obj
         luxShared.dir\Release\regulardata.obj
         luxShared.dir\Release\tabulateddata.obj
         luxShared.dir\Release\blender_base.obj
         luxShared.dir\Release\blender_blend.obj
         luxShared.dir\Release\blender_clouds.obj
         luxShared.dir\Release\blender_distortednoise.obj
         luxShared.dir\Release\blender_magic.obj
         luxShared.dir\Release\blender_marble.obj
         luxShared.dir\Release\blender_musgrave.obj
         luxShared.dir\Release\blender_noise.obj
         luxShared.dir\Release\blender_stucci.obj
         luxShared.dir\Release\blender_texlib.obj
         luxShared.dir\Release\blender_voronoi.obj
         luxShared.dir\Release\blender_wood.obj
         luxShared.dir\Release\cauchytexture.obj
         luxShared.dir\Release\fresnelcolor.obj
         luxShared.dir\Release\sellmeiertexture.obj
         luxShared.dir\Release\tabulatedfresnel.obj
         luxShared.dir\Release\add.obj
         luxShared.dir\Release\band.obj
         luxShared.dir\Release\bilerp.obj
         luxShared.dir\Release\brick.obj
         luxShared.dir\Release\checkerboard.obj
         luxShared.dir\Release\cloud.obj
         luxShared.dir\Release\colordepth.obj
         luxShared.dir\Release\densitygrid.obj
         luxShared.dir\Release\dots.obj
         luxShared.dir\Release\exponential.obj
         luxShared.dir\Release\fbm.obj
         luxShared.dir\Release\harlequin.obj
         luxShared.dir\Release\imagemap.obj
         luxShared.dir\Release\marble.obj
         luxShared.dir\Release\mix.obj
         luxShared.dir\Release\multimix.obj
         luxShared.dir\Release\scale.obj
         luxShared.dir\Release\subtract.obj
         luxShared.dir\Release\uv.obj
         luxShared.dir\Release\uvmask.obj
         luxShared.dir\Release\windy.obj
         luxShared.dir\Release\wrinkled.obj
         luxShared.dir\Release\contrast.obj
         luxShared.dir\Release\falsecolors.obj
         luxShared.dir\Release\lineartonemap.obj
         luxShared.dir\Release\maxwhite.obj
         luxShared.dir\Release\nonlinear.obj
         luxShared.dir\Release\reinhard.obj
         luxShared.dir\Release\clearvolume.obj
         luxShared.dir\Release\cloudvolume.obj
         luxShared.dir\Release\exponentialvolume.obj
         luxShared.dir\Release\heterogeneous.obj
         luxShared.dir\Release\homogeneous.obj
         luxShared.dir\Release\volumegrid.obj
     1>Done Building Project "D:\luxrender\windows\Build_CMake\LuxRender\luxShared.vcxproj" (Build target(s)) -- FAILED.

Build FAILED.

Time Elapsed 00:03:10.71
