Build started 2016/4/3 14:33:49.
     1>Project "D:\luxrender\windows\Build_CMake\LuxRender\luxrender.vcxproj" on node 5 (Build target(s)).
     1>ClCompile:
         D:\Microsoft Visual Studio 12.0\VC\bin\amd64\CL.exe /c /ID:\luxrender\windows\Build_CMake\LuxRender /ID:\luxrender\lux /ID:\luxrender\lux\lights\sphericalfunction /ID:\luxrender\lux\core\reflection\microfacetdistribution /ID:\luxrender\lux\core\reflection\fresnel /ID:\luxrender\lux\core\reflection\bxdf /ID:\luxrender\lux\core\reflection\bsdf /ID:\luxrender\lux\core\reflection /ID:\luxrender\lux\core\queryable /ID:\luxrender\lux\core /ID:\luxrender\lux\core\external /ID:\luxrender\luxrays\include /ID:\Cuda\include /ID:\luxrender\windows_deps\include /ID:\luxrender\windows_deps\include\Boost /ID:\luxrender\windows_deps\include\OpenImageIO /ID:\luxrender\windows_deps\include\OpenEXR /ID:\luxrender\windows_deps\include\Python3 /ID:\luxrender\windows_deps\include\Qt\include /ID:\luxrender\windows_deps\include\Qt\include\QtGui /ID:\luxrender\windows_deps\include\Qt\include\QtCore /Zi /nologo /W3 /WX- /MP /Od /Ob0 /Oi /Ot /Oy /GT /GL /D WIN32 /D _WINDOWS /D NDEBUG /D BOOST_ALL_NO_LIB /D FREEGLUT_STATIC /D GLEW_STATIC /D BOOST_FILESYSTEM_NO_DEPRECATED /D BOOST_FILESYSTEM_VERSION=3 /D BOOST_STATIC_LIB /D BOOST_PYTHON_STATIC_LIB /D LUX_USE_CONFIG_H /D WIN32_LEAN_AND_MEAN /D NOMINMAX /D _CRT_SECURE_NO_WARNINGS /D _SCL_SECURE_NO_WARNINGS /D _UNICODE /D __SSE2__ /D __SSE__ /D __MMX__ /D LUX_DLL /D QT_GUI_LIB /D QT_CORE_LIB /D QT_NO_DEBUG /D "CMAKE_INTDIR=\"Release\"" /D _USING_V110_SDK71_ /D _UNICODE /D UNICODE /GF /Gm- /EHsc /MD /GS /fp:precise /Zc:wchar_t /Zc:forScope /GR /openmp /Fo"luxrender.dir\Release\\" /Fd"luxrender.dir\Release\vc120.pdb" /Gd /TP /wd4244 /wd4756 /wd4267 /wd4056 /wd4305 /wd4800 /errorReport:prompt  /Qfast_transcendentals D:\luxrender\lux\qtgui\aboutdialog.cpp D:\luxrender\lux\qtgui\advancedinfowidget.cpp D:\luxrender\lux\qtgui\batchprocessdialog.cpp D:\luxrender\lux\qtgui\colorspacewidget.cpp D:\luxrender\lux\qtgui\gammawidget.cpp D:\luxrender\lux\qtgui\guiutil.cpp D:\luxrender\lux\qtgui\histogramview.cpp D:\luxrender\lux\qtgui\histogramwidget.cpp D:\luxrender\lux\qtgui\lenseffectswidget.cpp D:\luxrender\lux\qtgui\lightgroupwidget.cpp D:\luxrender\lux\qtgui\luxapp.cpp D:\luxrender\lux\qtgui\main.cpp D:\luxrender\lux\qtgui\mainwindow.cpp D:\luxrender\lux\qtgui\noisereductionwidget.cpp D:\luxrender\lux\qtgui\openexroptionsdialog.cpp D:\luxrender\lux\qtgui\panewidget.cpp D:\luxrender\lux\qtgui\queue.cpp D:\luxrender\lux\qtgui\renderview.cpp D:\luxrender\lux\qtgui\tonemapwidget.cpp D:\luxrender\lux\console\commandline.cpp qtgui\moc_aboutdialog.cxx qtgui\moc_advancedinfowidget.cxx qtgui\moc_batchprocessdialog.cxx qtgui\moc_colorspacewidget.cxx qtgui\moc_gammawidget.cxx qtgui\moc_histogramview.cxx qtgui\moc_histogramwidget.cxx qtgui\moc_lenseffectswidget.cxx qtgui\moc_lightgroupwidget.cxx qtgui\moc_luxapp.cxx qtgui\moc_mainwindow.cxx qtgui\moc_noisereductionwidget.cxx qtgui\moc_openexroptionsdialog.cxx qtgui\moc_panewidget.cxx qtgui\moc_queue.cxx qtgui\moc_renderview.cxx qtgui\moc_tonemapwidget.cxx qrc_icons.cxx qrc_splash.cxx qrc_images.cxx
         aboutdialog.cpp
         advancedinfowidget.cpp
         batchprocessdialog.cpp
         colorspacewidget.cpp
         gammawidget.cpp
         guiutil.cpp
         histogramview.cpp
         histogramwidget.cpp
         lenseffectswidget.cpp
         lightgroupwidget.cpp
         luxapp.cpp
         main.cpp
         mainwindow.cpp
         noisereductionwidget.cpp
         openexroptionsdialog.cpp
         panewidget.cpp
         queue.cpp
         renderview.cpp
         tonemapwidget.cpp
         commandline.cpp
         moc_aboutdialog.cxx
         moc_advancedinfowidget.cxx
         moc_batchprocessdialog.cxx
         moc_colorspacewidget.cxx
         moc_gammawidget.cxx
         moc_histogramview.cxx
         moc_histogramwidget.cxx
         moc_lenseffectswidget.cxx
         moc_lightgroupwidget.cxx
         moc_luxapp.cxx
         moc_mainwindow.cxx
         moc_noisereductionwidget.cxx
         moc_openexroptionsdialog.cxx
         moc_panewidget.cxx
         moc_queue.cxx
         moc_renderview.cxx
         moc_tonemapwidget.cxx
         qrc_icons.cxx
         qrc_splash.cxx
         qrc_images.cxx
       Link:
         D:\Microsoft Visual Studio 12.0\VC\bin\amd64\link.exe /ERRORREPORT:PROMPT /OUT:"D:\luxrender\windows\Build_CMake\LuxRender\Release\luxrender.exe" /INCREMENTAL:NO /NOLOGO /LIBPATH:D:/luxrender/windows_deps/x64/Release/lib /LIBPATH:D:/luxrender/windows_deps/x64/Release/lib/Release kernel32.lib user32.lib gdi32.lib winspool.lib shell32.lib ole32.lib oleaut32.lib uuid.lib comdlg32.lib advapi32.lib Release\lux.lib D:\luxrender\windows_deps\x64\Release\lib\qtmain.lib D:\luxrender\windows_deps\x64\Release\lib\QtGui4.lib imm32.lib winmm.lib D:\luxrender\windows_deps\x64\Release\lib\QtCore4.lib ws2_32.lib D:\luxrender\windows\Build_CMake\LuxRays\lib\release\luxrays.lib D:\luxrender\windows\Build_CMake\LuxRays\lib\release\luxcore.lib D:\luxrender\windows\Build_CMake\LuxRays\lib\release\smallluxgpu.lib D:\luxrender\windows_deps\x64\Release\lib\embree.lib D:\Cuda\lib\x64\OpenCL.lib glu32.lib opengl32.lib D:\luxrender\windows_deps\x64\Release\lib\OpenImageIO.lib D:\luxrender\windows_deps\x64\Release\lib\libtiff.lib D:\luxrender\windows_deps\x64\Release\lib\jpeg.lib "D:\luxrender\windows_deps\x64\Release\lib\libboost_thread-vc120-mt-1_56.lib" "D:\luxrender\windows_deps\x64\Release\lib\libboost_program_options-vc120-mt-1_56.lib" "D:\luxrender\windows_deps\x64\Release\lib\libboost_filesystem-vc120-mt-1_56.lib" "D:\luxrender\windows_deps\x64\Release\lib\libboost_serialization-vc120-mt-1_56.lib" "D:\luxrender\windows_deps\x64\Release\lib\libboost_iostreams-vc120-mt-1_56.lib" "D:\luxrender\windows_deps\x64\Release\lib\libboost_regex-vc120-mt-1_56.lib" "D:\luxrender\windows_deps\x64\Release\lib\libboost_system-vc120-mt-1_56.lib" "D:\luxrender\windows_deps\x64\Release\lib\libboost_zlib-vc120-mt-1_56.lib" D:\luxrender\windows_deps\x64\Release\lib\fftw3.lib shell32.lib /MANIFEST /MANIFESTUAC:"level='asInvoker' uiAccess='false'" /manifest:embed /DEBUG /PDB:"D:/luxrender/windows/Build_CMake/LuxRender/Release/luxrender.pdb" /SUBSYSTEM:WINDOWS,"5.02" /TLBID:1 /DYNAMICBASE /NXCOMPAT /IMPLIB:"D:/luxrender/windows/Build_CMake/LuxRender/Release/luxrender.lib" /MACHINE:X64  /machine:x64 luxrender.dir\Release\aboutdialog.obj
         luxrender.dir\Release\advancedinfowidget.obj
         luxrender.dir\Release\batchprocessdialog.obj
         luxrender.dir\Release\colorspacewidget.obj
         luxrender.dir\Release\gammawidget.obj
         luxrender.dir\Release\guiutil.obj
         luxrender.dir\Release\histogramview.obj
         luxrender.dir\Release\histogramwidget.obj
         luxrender.dir\Release\lenseffectswidget.obj
         luxrender.dir\Release\lightgroupwidget.obj
         luxrender.dir\Release\luxapp.obj
         luxrender.dir\Release\main.obj
         luxrender.dir\Release\mainwindow.obj
         luxrender.dir\Release\noisereductionwidget.obj
         luxrender.dir\Release\openexroptionsdialog.obj
         luxrender.dir\Release\panewidget.obj
         luxrender.dir\Release\queue.obj
         luxrender.dir\Release\renderview.obj
         luxrender.dir\Release\tonemapwidget.obj
         luxrender.dir\Release\commandline.obj
         luxrender.dir\Release\moc_aboutdialog.obj
         luxrender.dir\Release\moc_advancedinfowidget.obj
         luxrender.dir\Release\moc_batchprocessdialog.obj
         luxrender.dir\Release\moc_colorspacewidget.obj
         luxrender.dir\Release\moc_gammawidget.obj
         luxrender.dir\Release\moc_histogramview.obj
         luxrender.dir\Release\moc_histogramwidget.obj
         luxrender.dir\Release\moc_lenseffectswidget.obj
         luxrender.dir\Release\moc_lightgroupwidget.obj
         luxrender.dir\Release\moc_luxapp.obj
         luxrender.dir\Release\moc_mainwindow.obj
         luxrender.dir\Release\moc_noisereductionwidget.obj
         luxrender.dir\Release\moc_openexroptionsdialog.obj
         luxrender.dir\Release\moc_panewidget.obj
         luxrender.dir\Release\moc_queue.obj
         luxrender.dir\Release\moc_renderview.obj
         luxrender.dir\Release\moc_tonemapwidget.obj
         luxrender.dir\Release\qrc_icons.obj
         luxrender.dir\Release\qrc_splash.obj
         luxrender.dir\Release\qrc_images.obj
         aboutdialog.obj : MSIL .netmodule or module compiled with /GL found; restarting link with /LTCG; add /LTCG to the link command line to improve linker performance
         Generating code
         Finished generating code
         luxrender.vcxproj -> D:\luxrender\windows\Build_CMake\LuxRender\Release\luxrender.exe
     1>Done Building Project "D:\luxrender\windows\Build_CMake\LuxRender\luxrender.vcxproj" (Build target(s)).

Build succeeded.

Time Elapsed 00:01:04.18
